make all --print-data-base --no-builtin-variables --no-builtin-rules --question
# GNU Make 3.81
# Copyright (C) 2006  Free Software Foundation, Inc.
# This is free software; see the source for copying conditions.
# There is NO warranty; not even for MERCHANTABILITY or FITNESS FOR A
# PARTICULAR PURPOSE.

# This program built for i386-apple-darwin11.3.0
 

# Make data base, printed on Mon Mar 21 17:34:54 2022

# Variables

# automatic
<D = $(patsubst %/,%,$(dir $<))
# automatic
?F = $(notdir $?)
# makefile (from `Makefile', line 4)
FT_PRINTF = ft_printf/libftprintf.a
# environment
VSCODE_LOG_NATIVE = false
# automatic
?D = $(patsubst %/,%,$(dir $?))
# makefile (from `Makefile', line 3)
INCLUDES = includes
# automatic
@D = $(patsubst %/,%,$(dir $@))
# automatic
@F = $(notdir $@)
# makefile
CURDIR := /Users/pmolnar/Documents/codam/42cursus/minitalk
# makefile
SHELL = /bin/sh
# environment
VSCODE_NLS_CONFIG = {"locale":"en-gb","availableLanguages":{},"_languagePackSupport":true}
# environment
_ = /usr/bin/make
# makefile (from `Makefile', line 7)
CFLAGS = -Wall -Werror -Wextra
# makefile (from `Makefile', line 2)
CLIENT_NAME = client
# makefile (from `Makefile', line 1)
MAKEFILE_LIST :=  Makefile
# environment
 
VSCODE_VERBOSE_LOGGING = true
# environment
__CFBundleIdentifier = com.microsoft.VSCode
# environment
INFOPATH = /opt/homebrew/share/info:
# environment
VSCODE_IPC_HOOK_EXTHOST = /var/folders/41/5z70ggx558l9v83mywsr5rpw0000gn/T/vscode-ipc-5accff70-e8d3-4f4f-b6b0-6187df331ae0.sock
# environment
VSCODE_CWD = /
# environment
PATH = /opt/homebrew/bin:/opt/homebrew/sbin:/Library/Frameworks/Python.framework/Versions/3.9/bin:/usr/local/bin:/usr/bin:/bin:/usr/sbin:/sbin:/Library/TeX/texbin
# environment
LSCOLORS = Gxfxcxdxbxegedabagacad
# makefile (from `Makefile', line 16)
SERVER_OBJ = $(addprefix obj/server/, $(SERVER_SRC:.c=.o))
# environment
VSCODE_LOG_STACK = false
# environment
ELECTRON_RUN_AS_NODE = 1
# default
.FEATURES := target-specific order-only second-expansion else-if archives jobserver check-symlink
# environment
SSH_AUTH_SOCK = /private/tmp/com.apple.launchd.2Zo3kWzBek/Listeners
# automatic
%F = $(notdir $%)
# environment
VSCODE_PIPE_LOGGING = true
# environment
PWD = /Users/pmolnar/Documents/codam/42cursus/minitalk
# environment
HOMEBREW_CELLAR = /opt/homebrew/Cellar
# environment
ORIGINAL_XDG_CURRENT_DESKTOP = undefined
# makefile (from `Makefile', line 19)
GREEN = \033[0;32m
# environment
MANPATH = /opt/homebrew/share/man::
# environment
VSCODE_AMD_ENTRYPOINT = vs/workbench/api/node/extensionHostProcess
# environment
HOME = /Users/pmolnar
# default
MAKEFILEPATH = $(shell /usr/bin/xcode-select -print-path 2>/dev/null || echo /Developer)/Makefiles
# environment
VSCODE_CODE_CACHE_PATH = /Users/pmolnar/Library/Application Support/Code/CachedData/c722ca6c7eed3d7987c0d5c3df5c45f6b15e77d1
# environment
LOGNAME = pmolnar
# environment
APPLICATION_INSIGHTS_NO_DIAGNOSTIC_CHANNEL = 1
# makefile (from `Makefile', line 21)
DEF = \033[0m
# environment
ZSH = /Users/pmolnar/.oh-my-zsh
# environment
VSCODE_HANDLES_UNCAUGHT_ERRORS = true
# automatic
^D = $(patsubst %/,%,$(dir $^))
# makefile (from `Makefile', line 9)
CLIENT_SRC = client.c errors.c ft_atoi.c
# environment
XPC_FLAGS = 0x0
# default
MAKE = $(MAKE_COMMAND)
 
# default
MAKECMDGOALS := all
# makefile (from `Makefile', line 1)
SERVER_NAME = server
# environment
SHLVL = 1
# makefile (from `Makefile', line 6)
CC = gcc
# default
MAKE_VERSION := 3.81
# environment
USER = pmolnar
# makefile
.DEFAULT_GOAL := all
# environment
LESS = -R
# automatic
%D = $(patsubst %/,%,$(dir $%))
# default
MAKE_COMMAND := /Library/Developer/CommandLineTools/usr/bin/make
# default
.VARIABLES := 
# environment
TMPDIR = /var/folders/41/5z70ggx558l9v83mywsr5rpw0000gn/T/
# automatic
*F = $(notdir $*)
# environment
VSCODE_IPC_HOOK = /Users/pmolnar/Library/Application Support/Code/1.65.2-main.sock
# makefile (from `Makefile', line 18)
RED = \033[0;31m
# makefile
MAKEFLAGS = Rrqp
# makefile (from `Makefile', line 13)
SERVER_SRC = server.c
# environment
MFLAGS = -Rrqp
# automatic
*D = $(patsubst %/,%,$(dir $*))
# environment
HOMEBREW_SHELLENV_PREFIX = /opt/homebrew
# environment
XPC_SERVICE_NAME = application.com.microsoft.VSCode.17233631.17233637
# environment
HOMEBREW_PREFIX = /opt/homebrew
# automatic
+D = $(patsubst %/,%,$(dir $+))
# makefile (from `Makefile', line 20)
YELLOW = \033[1;33m
# automatic
+F = $(notdir $+)
# environment
HOMEBREW_REPOSITORY = /opt/homebrew
# environment
__CF_USER_TEXT_ENCODING = 0x1F5:0x0:0x2
# environment
COMMAND_MODE = unix2003
# default
MAKEFILES := 
# automatic
<F = $(notdir $<)
# environment
PAGER = less
# environment
LC_ALL = C
# makefile (from `Makefile', line 15)
CLIENT_OBJ = $(addprefix obj/client/, $(CLIENT_SRC:.c=.o))
# automatic
^F = $(notdir $^)
# default
SUFFIXES := 
# default
.INCLUDE_DIRS = /usr/local/include
# environment
MAKELEVEL := 0
# environment
LANG = C
# environment
VSCODE_PID = 23856
# variable set hash-table stats:
# Load=86/1024=8%, Rehash=0, Collisions=5/121=4%

# Pattern-specific Variable Values

# No pattern-specific variable values.

# Directories

# src/server (device 16777231, inode 17129308): 3 files, no impossibilities so far.
# . (device 16777231, inode 17129229): 14 files, no impossibilities.
# src/client (device 16777231, inode 17129304): 5 files, no impossibilities so far.
# src (device 16777231, inode 17129303): No files, no impossibilities so far.

# 22 files, no impossibilities in 4 directories.

# Implicit Rules

obj/%.o: src/%.c
#  commands to execute (from `Makefile', line 34):
	@mkdir -p $(dir $@)
	$(CC) $(CFLAGS) -I $(INCLUDES) -c $^ -o $@
	

# 1 implicit rules, 0 (0.0%) terminal.

# Files

all: server client
#  Phony target (prerequisite of .PHONY).
#  Command-line target.
#  Implicit rule search has not been done.
#  File does not exist.
#  File has been updated.
#  Successfully updated.
# variable set hash-table stats:
# Load=0/32=0%, Rehash=0, Collisions=0/0=0%

client: obj/client/client.o obj/client/errors.o obj/client/ft_atoi.o ft_printf/libftprintf.a
#  Implicit rule search has not been done.
#  Last modified 2022-03-20 23:53:12
#  File has been updated.
#  Successfully updated.
# variable set hash-table stats:
# Load=0/32=0%, Rehash=0, Collisions=0/0=0%
#  commands to execute (from `Makefile', line 30):
	$(CC) $(CFLAGS) $(CLIENT_OBJ) $(FT_PRINTF) -o $(CLIENT_NAME)
	@echo "$(GREEN)$(CLIENT_NAME) was sucessfully made\n$(DEF)"
	

.PHONY: all clean fclean re
#  Implicit rule search has not been done.
#  Modification time never checked.
#  File has not been updated.

# Not a target:
.SUFFIXES:
#  Implicit rule search has not been done.
#  Modification time never checked.
#  File has not been updated.

obj/client/client.o: src/client/client.c
#  Implicit rule search has been done.
#  Implicit/static pattern stem: `client/client'
#  Last modified 2022-03-20 23:53:12
#  File has been updated.
#  Successfully updated.
# variable set hash-table stats:
# Load=0/32=0%, Rehash=0, Collisions=0/0=0%
#  commands to execute (from `Makefile', line 34):
	@mkdir -p $(dir $@)
	$(CC) $(CFLAGS) -I $(INCLUDES) -c $^ -o $@
	

# Not a target:
Makefile:
#  Implicit rule search has been done.
#  Last modified 2022-03-19 18:23:03
#  File has been updated.
#  Successfully updated.
# variable set hash-table stats:
# Load=0/32=0%, Rehash=0, Collisions=0/0=0%

server: obj/server/server.o ft_printf/libftprintf.a
#  Implicit rule search has not been done.
#  Last modified 2022-03-20 23:59:00
#  File has been updated.
#  Successfully updated.
# variable set hash-table stats:
# Load=0/32=0%, Rehash=0, Collisions=0/0=0%
#  commands to execute (from `Makefile', line 26):
	$(CC) $(CFLAGS) $(SERVER_OBJ) $(FT_PRINTF) -o $(SERVER_NAME)
	@echo "$(GREEN)$(SERVER_NAME) was sucessfully made\n$(DEF)"
	

fclean: clean
#  Phony target (prerequisite of .PHONY).
#  Implicit rule search has not been done.
#  File does not exist.
#  File has not been updated.
#  commands to execute (from `Makefile', line 45):
	make fclean --directory=ft_printf
	rm -f $(SERVER_NAME) $(CLIENT_NAME)
	rm -rf obj
	@echo "$(GREEN)Executable file(s) sucessfully deleted\n$(DEF)"
	

# Not a target:
src/client/client.c:
#  Implicit rule search has been done.
#  Last modified 2022-03-20 23:35:42
#  File has been updated.
#  Successfully updated.
# variable set hash-table stats:
# Load=0/32=0%, Rehash=0, Collisions=0/0=0%

obj/client/errors.o: src/client/errors.c
#  Implicit rule search has been done.
#  Implicit/static pattern stem: `client/errors'
#  Last modified 2022-03-20 23:53:12
#  File has been updated.
#  Successfully updated.
# variable set hash-table stats:
# Load=0/32=0%, Rehash=0, Collisions=0/0=0%
#  commands to execute (from `Makefile', line 34):
	@mkdir -p $(dir $@)
	$(CC) $(CFLAGS) -I $(INCLUDES) -c $^ -o $@
	

# Not a target:
.DEFAULT:
#  Implicit rule search has not been done.
#  Modification time never checked.
#  File has not been updated.

obj/client/ft_atoi.o: src/client/ft_atoi.c
#  Implicit rule search has been done.
#  Implicit/static pattern stem: `client/ft_atoi'
#  Last modified 2022-03-20 23:53:12
#  File has been updated.
#  Successfully updated.
# variable set hash-table stats:
# Load=0/32=0%, Rehash=0, Collisions=0/0=0%
#  commands to execute (from `Makefile', line 34):
	@mkdir -p $(dir $@)
	$(CC) $(CFLAGS) -I $(INCLUDES) -c $^ -o $@
	

re: fclean all
#  Phony target (prerequisite of .PHONY).
#  Implicit rule search has not been done.
#  File does not exist.
#  File has not been updated.

obj/server/server.o: src/server/server.c
#  Implicit rule search has been done.
#  Implicit/static pattern stem: `server/server'
#  Last modified 2022-03-20 23:59:00
#  File has been updated.
#  Successfully updated.
# variable set hash-table stats:
# Load=0/32=0%, Rehash=0, Collisions=0/0=0%
#  commands to execute (from `Makefile', line 34):
	@mkdir -p $(dir $@)
	$(CC) $(CFLAGS) -I $(INCLUDES) -c $^ -o $@
	

clean:
#  Phony target (prerequisite of .PHONY).
#  Implicit rule search has not been done.
#  File does not exist.
#  File has not been updated.
#  commands to execute (from `Makefile', line 41):
	rm -f $(CLIENT_OBJ) $(SERVER_OBJ)
	@echo "$(GREEN)Object files successfully deleted\n$(DEF)"
	

# Not a target:
src/client/errors.c:
#  Implicit rule search has been done.
#  Last modified 2022-03-20 17:00:35
#  File has been updated.
#  Successfully updated.
# variable set hash-table stats:
# Load=0/32=0%, Rehash=0, Collisions=0/0=0%

# Not a target:
src/client/ft_atoi.c:
#  Implicit rule search has been done.
#  Last modified 2022-03-17 23:15:39
#  File has been updated.
#  Successfully updated.
# variable set hash-table stats:
# Load=0/32=0%, Rehash=0, Collisions=0/0=0%

# Not a target:
src/server/server.c:
#  Implicit rule search has been done.
#  Last modified 2022-03-20 23:58:55
#  File has been updated.
#  Successfully updated.
# variable set hash-table stats:
# Load=0/32=0%, Rehash=0, Collisions=0/0=0%

ft_printf/libftprintf.a:
#  Implicit rule search has not been done.
#  Last modified 2022-03-20 23:53:12
#  File has been updated.
#  Successfully updated.
#  commands to execute (from `Makefile', line 38):
	make libftprintf.a --directory=ft_printf
	

# files hash-table stats:
# Load=19/1024=2%, Rehash=0, Collisions=0/59=0%
# VPATH Search Paths

# No `vpath' search paths.

# No general (`VPATH' variable) search path.

# # of strings in strcache: 1
# # of strcache buffers: 1
 
# strcache size: total = 4096 / max = 4096 / min = 4096 / avg = 4096
# strcache free: total = 4087 / max = 4087 / min = 4087 / avg = 4087

# Finished Make data base on Mon Mar 21 17:34:54 2022

 
